2020-02-26 09:38:19 Error: [MissingControllerException] Controller class JsController could not be found.
Exception Attributes: array (
  'class' => 'JsController',
  'plugin' => NULL,
)
Request URL: /learn/university/js/popper.min.js.map
Stack Trace:
#0 C:\xampp\htdocs\learn\university\webroot\index.php(117): Dispatcher->dispatch(Object(CakeRequest), Object(CakeResponse))
#1 {main}
2020-02-26 09:38:19 Error: [MissingControllerException] Controller class JsController could not be found.
Exception Attributes: array (
  'class' => 'JsController',
  'plugin' => NULL,
)
Request URL: /learn/university/js/plugins/summernote/summernote-bs4.js.map
Stack Trace:
#0 C:\xampp\htdocs\learn\university\webroot\index.php(117): Dispatcher->dispatch(Object(CakeRequest), Object(CakeResponse))
#1 {main}
2020-02-26 09:38:19 Error: [MissingControllerException] Controller class JsController could not be found.
Exception Attributes: array (
  'class' => 'JsController',
  'plugin' => NULL,
)
Request URL: /learn/university/js/plugins/dataTables/pdfmake.min.js.map
Stack Trace:
#0 C:\xampp\htdocs\learn\university\webroot\index.php(117): Dispatcher->dispatch(Object(CakeRequest), Object(CakeResponse))
#1 {main}
2020-02-26 09:38:21 Error: [MissingControllerException] Controller class JsController could not be found.
Exception Attributes: array (
  'class' => 'JsController',
  'plugin' => NULL,
)
Request URL: /learn/university/js/popper.min.js.map
Stack Trace:
#0 C:\xampp\htdocs\learn\university\webroot\index.php(117): Dispatcher->dispatch(Object(CakeRequest), Object(CakeResponse))
#1 {main}
2020-02-26 09:38:21 Error: [MissingControllerException] Controller class JsController could not be found.
Exception Attributes: array (
  'class' => 'JsController',
  'plugin' => NULL,
)
Request URL: /learn/university/js/plugins/summernote/summernote-bs4.js.map
Stack Trace:
#0 C:\xampp\htdocs\learn\university\webroot\index.php(117): Dispatcher->dispatch(Object(CakeRequest), Object(CakeResponse))
#1 {main}
2020-02-26 09:38:21 Error: [MissingControllerException] Controller class JsController could not be found.
Exception Attributes: array (
  'class' => 'JsController',
  'plugin' => NULL,
)
Request URL: /learn/university/js/plugins/dataTables/pdfmake.min.js.map
Stack Trace:
#0 C:\xampp\htdocs\learn\university\webroot\index.php(117): Dispatcher->dispatch(Object(CakeRequest), Object(CakeResponse))
#1 {main}
2020-02-26 09:38:27 Error: [MissingControllerException] Controller class JsController could not be found.
Exception Attributes: array (
  'class' => 'JsController',
  'plugin' => NULL,
)
Request URL: /learn/university/js/popper.min.js.map
Stack Trace:
#0 C:\xampp\htdocs\learn\university\webroot\index.php(117): Dispatcher->dispatch(Object(CakeRequest), Object(CakeResponse))
#1 {main}
2020-02-26 09:38:27 Error: [MissingControllerException] Controller class JsController could not be found.
Exception Attributes: array (
  'class' => 'JsController',
  'plugin' => NULL,
)
Request URL: /learn/university/js/plugins/dataTables/pdfmake.min.js.map
Stack Trace:
#0 C:\xampp\htdocs\learn\university\webroot\index.php(117): Dispatcher->dispatch(Object(CakeRequest), Object(CakeResponse))
#1 {main}
2020-02-26 09:38:27 Error: [MissingControllerException] Controller class JsController could not be found.
Exception Attributes: array (
  'class' => 'JsController',
  'plugin' => NULL,
)
Request URL: /learn/university/js/plugins/summernote/summernote-bs4.js.map
Stack Trace:
#0 C:\xampp\htdocs\learn\university\webroot\index.php(117): Dispatcher->dispatch(Object(CakeRequest), Object(CakeResponse))
#1 {main}
